============================= test session starts =============================
platform win32 -- Python 3.11.9, pytest-8.3.4, pluggy-1.6.0 -- C:\Python311\python.exe
cachedir: .pytest_cache
rootdir: C:\Users\emirg\Desktop\AIESEC\backend
configfile: pyproject.toml
plugins: anyio-4.12.1, asyncio-0.25.2, cov-6.0.0
asyncio: mode=Mode.AUTO, asyncio_default_fixture_loop_scope=None
collecting ... collected 0 items / 1 error

=================================== ERRORS ====================================
_________________ ERROR collecting tests/test_ref_distance.py _________________
ImportError while importing test module 'C:\Users\emirg\Desktop\AIESEC\backend\tests\test_ref_distance.py'.
Hint: make sure your test modules/packages have valid Python names.
Traceback:
..\..\..\AppData\Roaming\Python\Python311\site-packages\_pytest\python.py:493: in importtestmodule
    mod = import_path(
..\..\..\AppData\Roaming\Python\Python311\site-packages\_pytest\pathlib.py:587: in import_path
    importlib.import_module(module_name)
C:\Python311\Lib\importlib\__init__.py:126: in import_module
    return _bootstrap._gcd_import(name[level:], package, level)
<frozen importlib._bootstrap>:1204: in _gcd_import
    ???
<frozen importlib._bootstrap>:1176: in _find_and_load
    ???
<frozen importlib._bootstrap>:1147: in _find_and_load_unlocked
    ???
<frozen importlib._bootstrap>:690: in _load_unlocked
    ???
..\..\..\AppData\Roaming\Python\Python311\site-packages\_pytest\assertion\rewrite.py:184: in exec_module
    exec(co, module.__dict__)
tests\test_ref_distance.py:8: in <module>
    from app.main import app
app\main.py:11: in <module>
    from app.middleware import MetricsMiddleware
app\middleware.py:5: in <module>
    from prometheus_client import Counter, Histogram
E   ModuleNotFoundError: No module named 'prometheus_client'
=========================== short test summary info ===========================
ERROR tests/test_ref_distance.py
!!!!!!!!!!!!!!!!!!! Interrupted: 1 error during collection !!!!!!!!!!!!!!!!!!!!
============================== 1 error in 1.23s ===============================
